Determining if the pthread_create exist failed with the following output:
Change Dir: /home/pedro/ei3d/processing/gpu_flow/CMakeFiles/CMakeTmp

Run Build Command:"/usr/bin/make" "cmTC_d0921/fast"
/usr/bin/make -f CMakeFiles/cmTC_d0921.dir/build.make CMakeFiles/cmTC_d0921.dir/build
make[1]: Entering directory '/home/pedro/ei3d/processing/gpu_flow/CMakeFiles/CMakeTmp'
Building C object CMakeFiles/cmTC_d0921.dir/CheckSymbolExists.c.o
/usr/bin/cc    -fPIC    -o CMakeFiles/cmTC_d0921.dir/CheckSymbolExists.c.o   -c /home/pedro/ei3d/processing/gpu_flow/CMakeFiles/CMakeTmp/CheckSymbolExists.c
Linking C executable cmTC_d0921
/usr/bin/cmake -E cmake_link_script CMakeFiles/cmTC_d0921.dir/link.txt --verbose=1
/usr/bin/cc  -fPIC     CMakeFiles/cmTC_d0921.dir/CheckSymbolExists.c.o  -o cmTC_d0921 -rdynamic 
CMakeFiles/cmTC_d0921.dir/CheckSymbolExists.c.o: In function `main':
CheckSymbolExists.c:(.text+0x1b): undefined reference to `pthread_create'
collect2: error: ld returned 1 exit status
CMakeFiles/cmTC_d0921.dir/build.make:97: recipe for target 'cmTC_d0921' failed
make[1]: *** [cmTC_d0921] Error 1
make[1]: Leaving directory '/home/pedro/ei3d/processing/gpu_flow/CMakeFiles/CMakeTmp'
Makefile:126: recipe for target 'cmTC_d0921/fast' failed
make: *** [cmTC_d0921/fast] Error 2

File /home/pedro/ei3d/processing/gpu_flow/CMakeFiles/CMakeTmp/CheckSymbolExists.c:
/* */
#include <pthread.h>

int main(int argc, char** argv)
{
  (void)argv;
#ifndef pthread_create
  return ((int*)(&pthread_create))[argc];
#else
  (void)argc;
  return 0;
#endif
}

Determining if the function pthread_create exists in the pthreads failed with the following output:
Change Dir: /home/pedro/ei3d/processing/gpu_flow/CMakeFiles/CMakeTmp

Run Build Command:"/usr/bin/make" "cmTC_409f4/fast"
/usr/bin/make -f CMakeFiles/cmTC_409f4.dir/build.make CMakeFiles/cmTC_409f4.dir/build
make[1]: Entering directory '/home/pedro/ei3d/processing/gpu_flow/CMakeFiles/CMakeTmp'
Building C object CMakeFiles/cmTC_409f4.dir/CheckFunctionExists.c.o
/usr/bin/cc    -fPIC -DCHECK_FUNCTION_EXISTS=pthread_create   -o CMakeFiles/cmTC_409f4.dir/CheckFunctionExists.c.o   -c /usr/share/cmake-3.5/Modules/CheckFunctionExists.c
Linking C executable cmTC_409f4
/usr/bin/cmake -E cmake_link_script CMakeFiles/cmTC_409f4.dir/link.txt --verbose=1
/usr/bin/cc  -fPIC -DCHECK_FUNCTION_EXISTS=pthread_create    CMakeFiles/cmTC_409f4.dir/CheckFunctionExists.c.o  -o cmTC_409f4 -rdynamic -lpthreads 
/usr/bin/ld: cannot find -lpthreads
collect2: error: ld returned 1 exit status
CMakeFiles/cmTC_409f4.dir/build.make:97: recipe for target 'cmTC_409f4' failed
make[1]: *** [cmTC_409f4] Error 1
make[1]: Leaving directory '/home/pedro/ei3d/processing/gpu_flow/CMakeFiles/CMakeTmp'
Makefile:126: recipe for target 'cmTC_409f4/fast' failed
make: *** [cmTC_409f4/fast] Error 2


